c:\work_rjr\drawer\programming related\vs c++ practice\designpattern\strategypattern\debug\vc142.pdb
c:\work_rjr\drawer\programming related\vs c++ practice\designpattern\strategypattern\debug\vc142.idb
c:\work_rjr\drawer\programming related\vs c++ practice\designpattern\strategypattern\debug\flywithwings.obj
c:\work_rjr\drawer\programming related\vs c++ practice\designpattern\strategypattern\debug\duck.obj
c:\work_rjr\drawer\programming related\vs c++ practice\designpattern\strategypattern\debug\arealduck.obj
c:\work_rjr\drawer\programming related\vs c++ practice\designpattern\strategypattern\debug\strategypattern.obj
c:\work_rjr\drawer\programming related\vs c++ practice\designpattern\strategypattern\debug\rubberduck.obj
c:\work_rjr\drawer\programming related\vs c++ practice\designpattern\strategypattern\debug\nowingstofly.obj
c:\work_rjr\drawer\programming related\vs c++ practice\designpattern\strategypattern\debug\squeaking.obj
c:\work_rjr\drawer\programming related\vs c++ practice\designpattern\strategypattern\debug\realquacking.obj
c:\work_rjr\drawer\programming related\vs c++ practice\designpattern\strategypattern\debug\flywithrocket.obj
c:\work_rjr\drawer\programming related\vs c++ practice\designpattern\debug\strategypattern.exe
c:\work_rjr\drawer\programming related\vs c++ practice\designpattern\debug\strategypattern.ilk
c:\work_rjr\drawer\programming related\vs c++ practice\designpattern\debug\strategypattern.pdb
c:\work_rjr\drawer\programming related\vs c++ practice\designpattern\strategypattern\debug\strategypattern.tlog\cl.command.1.tlog
c:\work_rjr\drawer\programming related\vs c++ practice\designpattern\strategypattern\debug\strategypattern.tlog\cl.read.1.tlog
c:\work_rjr\drawer\programming related\vs c++ practice\designpattern\strategypattern\debug\strategypattern.tlog\cl.write.1.tlog
c:\work_rjr\drawer\programming related\vs c++ practice\designpattern\strategypattern\debug\strategypattern.tlog\link.command.1.tlog
c:\work_rjr\drawer\programming related\vs c++ practice\designpattern\strategypattern\debug\strategypattern.tlog\link.read.1.tlog
c:\work_rjr\drawer\programming related\vs c++ practice\designpattern\strategypattern\debug\strategypattern.tlog\link.write.1.tlog
